<?xml version="1.0" encoding="UTF-8"?>
<!-- Generated by org.testng.reporters.JUnitXMLReporter -->
<testsuite ignored="0" hostname="DESKTOP-L5S1NA7" failures="0" tests="13" name="RestAssured" time="9.898" errors="0" timestamp="2023-01-07T19:42:16 BDT">
  <testcase classname="Reqress.HTTPrequest" name="GetListOfuser" time="1.914"/>
  <testcase classname="Reqress.HTTPrequest" name="GetSingleUser" time="0.204"/>
  <testcase classname="Reqress.HTTPrequest" name="GetSingleuserNotFound" time="0.2"/>
  <testcase classname="Reqress.HTTPrequest" name="GetListUser" time="0.661"/>
  <testcase classname="Reqress.HTTPrequest" name="GetSingleListUser" time="1.206"/>
  <testcase classname="Reqress.HTTPrequest" name="GetSingleListUserNotFound" time="0.578"/>
  <testcase classname="Reqress.HTTPrequest" name="PostCreateUser" time="1.585"/>
  <testcase classname="Reqress.HTTPrequest" name="PostUpdateUser" time="0.595"/>
  <testcase classname="Reqress.HTTPrequest" name="DeleteUser" time="0.593"/>
  <testcase classname="Reqress.HTTPrequest" name="PostRegisterSuccess" time="0.568"/>
  <testcase classname="Reqress.HTTPrequest" name="PostRegisterUnSuccess" time="0.572"/>
  <testcase classname="Reqress.HTTPrequest" name="PostLoginSuccess" time="0.567"/>
  <testcase classname="Reqress.HTTPrequest" name="PostLoginUnsuccess" time="0.564"/>
</testsuite> <!-- RestAssured -->
