<?xml version="1.0" encoding="UTF-8"?>
<testng-results ignored="0" total="13" passed="13" failed="0" skipped="0">
  <reporter-output>
  </reporter-output>
  <suite started-at="2023-01-07T19:42:06 BDT" name="RestAssured" finished-at="2023-01-07T19:42:16 BDT" duration-ms="9898">
    <groups>
    </groups>
    <test started-at="2023-01-07T19:42:06 BDT" name="RestAssured" finished-at="2023-01-07T19:42:16 BDT" duration-ms="9898">
      <class name="Reqress.HTTPrequest">
        <test-method signature="GetListOfuser()[pri:0, instance:Reqress.HTTPrequest@20ccf40b]" started-at="2023-01-07T19:42:06 BDT" name="GetListOfuser" finished-at="2023-01-07T19:42:08 BDT" duration-ms="1914" status="PASS">
          <reporter-output>
          </reporter-output>
        </test-method> <!-- GetListOfuser -->
        <test-method signature="GetSingleUser()[pri:1, instance:Reqress.HTTPrequest@20ccf40b]" started-at="2023-01-07T19:42:08 BDT" name="GetSingleUser" finished-at="2023-01-07T19:42:08 BDT" duration-ms="204" status="PASS">
          <reporter-output>
          </reporter-output>
        </test-method> <!-- GetSingleUser -->
        <test-method signature="GetSingleuserNotFound()[pri:3, instance:Reqress.HTTPrequest@20ccf40b]" started-at="2023-01-07T19:42:08 BDT" name="GetSingleuserNotFound" finished-at="2023-01-07T19:42:08 BDT" duration-ms="200" status="PASS">
          <reporter-output>
          </reporter-output>
        </test-method> <!-- GetSingleuserNotFound -->
        <test-method signature="GetListUser()[pri:4, instance:Reqress.HTTPrequest@20ccf40b]" started-at="2023-01-07T19:42:08 BDT" name="GetListUser" finished-at="2023-01-07T19:42:09 BDT" duration-ms="661" status="PASS">
          <reporter-output>
          </reporter-output>
        </test-method> <!-- GetListUser -->
        <test-method signature="GetSingleListUser()[pri:5, instance:Reqress.HTTPrequest@20ccf40b]" started-at="2023-01-07T19:42:09 BDT" name="GetSingleListUser" finished-at="2023-01-07T19:42:10 BDT" duration-ms="1206" status="PASS">
          <reporter-output>
          </reporter-output>
        </test-method> <!-- GetSingleListUser -->
        <test-method signature="GetSingleListUserNotFound()[pri:6, instance:Reqress.HTTPrequest@20ccf40b]" started-at="2023-01-07T19:42:10 BDT" name="GetSingleListUserNotFound" finished-at="2023-01-07T19:42:11 BDT" duration-ms="578" status="PASS">
          <reporter-output>
          </reporter-output>
        </test-method> <!-- GetSingleListUserNotFound -->
        <test-method signature="PostCreateUser()[pri:7, instance:Reqress.HTTPrequest@20ccf40b]" started-at="2023-01-07T19:42:11 BDT" name="PostCreateUser" finished-at="2023-01-07T19:42:12 BDT" duration-ms="1585" status="PASS">
          <reporter-output>
          </reporter-output>
        </test-method> <!-- PostCreateUser -->
        <test-method signature="PostUpdateUser()[pri:8, instance:Reqress.HTTPrequest@20ccf40b]" started-at="2023-01-07T19:42:12 BDT" name="PostUpdateUser" finished-at="2023-01-07T19:42:13 BDT" depends-on-methods="Reqress.HTTPrequest.PostCreateUser" duration-ms="595" status="PASS">
          <reporter-output>
          </reporter-output>
        </test-method> <!-- PostUpdateUser -->
        <test-method signature="DeleteUser()[pri:9, instance:Reqress.HTTPrequest@20ccf40b]" started-at="2023-01-07T19:42:13 BDT" name="DeleteUser" finished-at="2023-01-07T19:42:14 BDT" duration-ms="593" status="PASS">
          <reporter-output>
          </reporter-output>
        </test-method> <!-- DeleteUser -->
        <test-method signature="PostRegisterSuccess()[pri:10, instance:Reqress.HTTPrequest@20ccf40b]" started-at="2023-01-07T19:42:14 BDT" name="PostRegisterSuccess" finished-at="2023-01-07T19:42:14 BDT" duration-ms="568" status="PASS">
          <reporter-output>
          </reporter-output>
        </test-method> <!-- PostRegisterSuccess -->
        <test-method signature="PostRegisterUnSuccess()[pri:11, instance:Reqress.HTTPrequest@20ccf40b]" started-at="2023-01-07T19:42:14 BDT" name="PostRegisterUnSuccess" finished-at="2023-01-07T19:42:15 BDT" duration-ms="572" status="PASS">
          <reporter-output>
          </reporter-output>
        </test-method> <!-- PostRegisterUnSuccess -->
        <test-method signature="PostLoginSuccess()[pri:12, instance:Reqress.HTTPrequest@20ccf40b]" started-at="2023-01-07T19:42:15 BDT" name="PostLoginSuccess" finished-at="2023-01-07T19:42:15 BDT" duration-ms="567" status="PASS">
          <reporter-output>
          </reporter-output>
        </test-method> <!-- PostLoginSuccess -->
        <test-method signature="PostLoginUnsuccess()[pri:13, instance:Reqress.HTTPrequest@20ccf40b]" started-at="2023-01-07T19:42:15 BDT" name="PostLoginUnsuccess" finished-at="2023-01-07T19:42:16 BDT" duration-ms="564" status="PASS">
          <reporter-output>
          </reporter-output>
        </test-method> <!-- PostLoginUnsuccess -->
      </class> <!-- Reqress.HTTPrequest -->
    </test> <!-- RestAssured -->
  </suite> <!-- RestAssured -->
</testng-results>
