<?xml version="1.0" encoding="UTF-8"?>
<!-- Generated by org.testng.reporters.JUnitXMLReporter -->
<testsuite ignored="0" hostname="DESKTOP-L5S1NA7" failures="0" tests="13" name="Default test" time="11.982" errors="0" timestamp="2023-01-07T19:40:12 BDT">
  <testcase classname="Reqress.HTTPrequest" name="GetListOfuser" time="2.02"/>
  <testcase classname="Reqress.HTTPrequest" name="GetSingleUser" time="0.209"/>
  <testcase classname="Reqress.HTTPrequest" name="GetSingleuserNotFound" time="0.592"/>
  <testcase classname="Reqress.HTTPrequest" name="GetListUser" time="1.075"/>
  <testcase classname="Reqress.HTTPrequest" name="GetSingleListUser" time="0.901"/>
  <testcase classname="Reqress.HTTPrequest" name="GetSingleListUserNotFound" time="0.563"/>
  <testcase classname="Reqress.HTTPrequest" name="PostCreateUser" time="1.881"/>
  <testcase classname="Reqress.HTTPrequest" name="PostUpdateUser" time="0.621"/>
  <testcase classname="Reqress.HTTPrequest" name="DeleteUser" time="0.581"/>
  <testcase classname="Reqress.HTTPrequest" name="PostRegisterSuccess" time="1.604"/>
  <testcase classname="Reqress.HTTPrequest" name="PostRegisterUnSuccess" time="0.555"/>
  <testcase classname="Reqress.HTTPrequest" name="PostLoginSuccess" time="0.735"/>
  <testcase classname="Reqress.HTTPrequest" name="PostLoginUnsuccess" time="0.559"/>
</testsuite> <!-- Default test -->
